0 info it worked if it ends with ok
1 verbose cli [ '/Users/Johan/.nvm/versions/node/v5.8.0/bin/node',
1 verbose cli   '/Users/Johan/.nvm/versions/node/v5.8.0/bin/npm',
1 verbose cli   'run',
1 verbose cli   'ios' ]
2 info using npm@3.7.3
3 info using node@v5.8.0
4 verbose run-script [ 'preios', 'ios', 'postios' ]
5 info lifecycle cordova-test@~preios: cordova-test@
6 silly lifecycle cordova-test@~preios: no script for preios, continuing
7 info lifecycle cordova-test@~ios: cordova-test@
8 verbose lifecycle cordova-test@~ios: unsafe-perm in lifecycle true
9 verbose lifecycle cordova-test@~ios: PATH: /Users/Johan/.nvm/versions/node/v5.8.0/lib/node_modules/npm/bin/node-gyp-bin:/Users/Johan/Projects/Code/wowhack16/cordova-test/node_modules/.bin:/Users/Johan/.nvm/versions/node/v5.8.0/bin:/Users/Johan/.nvm/versions/node/v5.8.0/bin:/Users/Johan/.rbenv/shims:/usr/local/opt/php56/bin:/usr/local/sbin:/usr/local/bin:/usr/local/share/npm/bin:/usr/local/heroku/bin:/Users/Johan/.dotfiles/bin:/usr/local/opt/go/libexec/bin:/usr/local/bin:/usr/bin:/bin:/usr/sbin:/sbin
10 verbose lifecycle cordova-test@~ios: CWD: /Users/Johan/Projects/Code/wowhack16/cordova-test
11 silly lifecycle cordova-test@~ios: Args: [ '-c', 'meteor run --settings settings.json ios-device' ]
12 silly lifecycle cordova-test@~ios: Returned: code: 1  signal: null
13 info lifecycle cordova-test@~ios: Failed to exec ios script
14 verbose stack Error: cordova-test@ ios: `meteor run --settings settings.json ios-device`
14 verbose stack Exit status 1
14 verbose stack     at EventEmitter.<anonymous> (/Users/Johan/.nvm/versions/node/v5.8.0/lib/node_modules/npm/lib/utils/lifecycle.js:239:16)
14 verbose stack     at emitTwo (events.js:100:13)
14 verbose stack     at EventEmitter.emit (events.js:185:7)
14 verbose stack     at ChildProcess.<anonymous> (/Users/Johan/.nvm/versions/node/v5.8.0/lib/node_modules/npm/lib/utils/spawn.js:24:14)
14 verbose stack     at emitTwo (events.js:100:13)
14 verbose stack     at ChildProcess.emit (events.js:185:7)
14 verbose stack     at maybeClose (internal/child_process.js:850:16)
14 verbose stack     at Process.ChildProcess._handle.onexit (internal/child_process.js:215:5)
15 verbose pkgid cordova-test@
16 verbose cwd /Users/Johan/Projects/Code/wowhack16/cordova-test
17 error Darwin 15.6.0
18 error argv "/Users/Johan/.nvm/versions/node/v5.8.0/bin/node" "/Users/Johan/.nvm/versions/node/v5.8.0/bin/npm" "run" "ios"
19 error node v5.8.0
20 error npm  v3.7.3
21 error code ELIFECYCLE
22 error cordova-test@ ios: `meteor run --settings settings.json ios-device`
22 error Exit status 1
23 error Failed at the cordova-test@ ios script 'meteor run --settings settings.json ios-device'.
23 error Make sure you have the latest version of node.js and npm installed.
23 error If you do, this is most likely a problem with the cordova-test package,
23 error not with npm itself.
23 error Tell the author that this fails on your system:
23 error     meteor run --settings settings.json ios-device
23 error You can get information on how to open an issue for this project with:
23 error     npm bugs cordova-test
23 error Or if that isn't available, you can get their info via:
23 error     npm owner ls cordova-test
23 error There is likely additional logging output above.
24 verbose exit [ 1, true ]
